#
# A fatal error has been detected by the Java Runtime Environment:
#
#  EXCEPTION_ACCESS_VIOLATION (0xc0000005) at pc=0x000000000af3ffa0, pid=3300, tid=8924
#
# JRE version: Java(TM) SE Runtime Environment (7.0_45-b18) (build 1.7.0_45-b18)
# Java VM: Java HotSpot(TM) 64-Bit Server VM (24.45-b08 mixed mode windows-amd64 compressed oops)
# Problematic frame:
# C  [atio6axx.dll+0xe1ffa0]
#
# Failed to write core dump. Minidumps are not enabled by default on client versions of Windows
#
# If you would like to submit a bug report, please visit:
#   http://bugreport.sun.com/bugreport/crash.jsp
# The crash happened outside the Java Virtual Machine in native code.
# See problematic frame for where to report the bug.
#

---------------  T H R E A D  ---------------

Current thread (0x00000000093f4800):  JavaThread "LWJGL Application" [_thread_in_native, id=8924, stack(0x000000000a020000,0x000000000a120000)]

siginfo: ExceptionCode=0xc0000005, writing address 0x0000000000000070

Registers:
RAX=0x000000003f4ccccd, RBX=0x0000000000000000, RCX=0x0000000000000000, RDX=0x0000000000000000
RSP=0x000000000a11e2e0, RBP=0x0000000000000029, RSI=0x000000000f4772b0, RDI=0x000000000f4772b0
R8 =0x508c2f510bd2023d, R9 =0x508c2f520bc9023e, R10=0x0000000000000002, R11=0x000000000a11e3c0
R12=0x000000000c3ea9b0, R13=0x00000000098dd6e0, R14=0x0000000000000080, R15=0x0000000000000001
RIP=0x000000000af3ffa0, EFLAGS=0x0000000000010246

Top of Stack: (sp=0x000000000a11e2e0)
0x000000000a11e2e0:   000000000c46ae70 000000000f4772b0
0x000000000a11e2f0:   000000000cd82e50 000000000c449ee0
0x000000000a11e300:   000000000a11e360 000000000f4772d8
0x000000000a11e310:   000000003f4ccccd 0000000000000000
0x000000000a11e320:   0000000b00000012 0000000000000002
0x000000000a11e330:   0000000100000000 0000000000000000
0x000000000a11e340:   0000000000000000 0000000000000000
0x000000000a11e350:   0000000000000000 0000000000000000
0x000000000a11e360:   0000008000000029 0000000100000080
0x000000000a11e370:   0000000000000001 0000000b00000012
0x000000000a11e380:   0000000000000002 0000000100000000
0x000000000a11e390:   0000000000000000 0000000000000000
0x000000000a11e3a0:   0000000000000000 0000000000000000
0x000000000a11e3b0:   0000000000000000 000000000f477080
0x000000000a11e3c0:   000000000c449ee0 0000000000000001
0x000000000a11e3d0:   0000000000000001 0000000000000000 

Instructions: (pc=0x000000000af3ffa0)
0x000000000af3ff80:   ff 10 48 8b 4f 40 8b 87 dc 00 00 00 4c 8d 9c 24
0x000000000af3ff90:   e0 00 00 00 49 8b 5b 38 49 8b 6b 40 49 8b 73 48
0x000000000af3ffa0:   89 41 70 49 8b e3 41 5f 41 5e 41 5d 41 5c 5f c3
0x000000000af3ffb0:   48 89 5c 24 10 44 89 4c 24 20 55 56 57 41 54 41 


Register to memory mapping:

RAX=0x000000003f4ccccd is an unknown value
RBX=0x0000000000000000 is an unknown value
RCX=0x0000000000000000 is an unknown value
RDX=0x0000000000000000 is an unknown value
RSP=0x000000000a11e2e0 is pointing into the stack for thread: 0x00000000093f4800
RBP=0x0000000000000029 is an unknown value
RSI=0x000000000f4772b0 is an unknown value
RDI=0x000000000f4772b0 is an unknown value
R8 =0x508c2f510bd2023d is an unknown value
R9 =0x508c2f520bc9023e is an unknown value
R10=0x0000000000000002 is an unknown value
R11=0x000000000a11e3c0 is pointing into the stack for thread: 0x00000000093f4800
R12=0x000000000c3ea9b0 is an unknown value
R13=0x00000000098dd6e0 is an unknown value
R14=0x0000000000000080 is an unknown value
R15=0x0000000000000001 is an unknown value


Stack: [0x000000000a020000,0x000000000a120000],  sp=0x000000000a11e2e0,  free space=1016k
Native frames: (J=compiled Java code, j=interpreted, Vv=VM code, C=native code)
C  [atio6axx.dll+0xe1ffa0]

Java frames: (J=compiled Java code, j=interpreted, Vv=VM code)
j  org.lwjgl.opengl.GL11.nglDepthMask(ZJ)V+0
j  org.lwjgl.opengl.GL11.glDepthMask(Z)V+15
j  com.badlogic.gdx.backends.lwjgl.LwjglGL10.glDepthMask(Z)V+1
j  com.badlogic.gdx.graphics.g2d.SpriteBatch.end()V+44
j  com.zombie.view.WorldView.draw()V+64
j  com.zombie.screens.GameScreen.render(F)V+35
j  com.badlogic.gdx.Game.render()V+19
j  com.badlogic.gdx.backends.lwjgl.LwjglApplication.mainLoop()V+642
j  com.badlogic.gdx.backends.lwjgl.LwjglApplication$1.run()V+27
v  ~StubRoutines::call_stub

---------------  P R O C E S S  ---------------

Java Threads: ( => current thread )
  0x000000000dc1b000 JavaThread "Timer" [_thread_blocked, id=1080, stack(0x000000000ecb0000,0x000000000edb0000)]
  0x00000000094da000 JavaThread "LWJGL Timer" daemon [_thread_blocked, id=8312, stack(0x000000000e950000,0x000000000ea50000)]
  0x000000000017e800 JavaThread "DestroyJavaVM" [_thread_blocked, id=5576, stack(0x0000000002560000,0x0000000002660000)]
=>0x00000000093f4800 JavaThread "LWJGL Application" [_thread_in_native, id=8924, stack(0x000000000a020000,0x000000000a120000)]
  0x0000000009310000 JavaThread "Monitor Ctrl-Break" daemon [_thread_in_native, id=7592, stack(0x00000000099f0000,0x0000000009af0000)]
  0x0000000007626800 JavaThread "Service Thread" daemon [_thread_blocked, id=8636, stack(0x0000000008680000,0x0000000008780000)]
  0x0000000007623000 JavaThread "C2 CompilerThread1" daemon [_thread_blocked, id=8712, stack(0x00000000090f0000,0x00000000091f0000)]
  0x000000000760f000 JavaThread "C2 CompilerThread0" daemon [_thread_blocked, id=8056, stack(0x0000000008f70000,0x0000000009070000)]
  0x000000000760e000 JavaThread "Attach Listener" daemon [_thread_blocked, id=2348, stack(0x0000000008e50000,0x0000000008f50000)]
  0x0000000007606800 JavaThread "Signal Dispatcher" daemon [_thread_blocked, id=5596, stack(0x0000000008c90000,0x0000000008d90000)]
  0x00000000075b7800 JavaThread "Finalizer" daemon [_thread_blocked, id=4984, stack(0x0000000008ab0000,0x0000000008bb0000)]
  0x00000000075ae000 JavaThread "Reference Handler" daemon [_thread_blocked, id=7240, stack(0x0000000008990000,0x0000000008a90000)]

Other Threads:
  0x00000000075a8800 VMThread [stack: 0x0000000008780000,0x0000000008880000] [id=7616]
  0x0000000009200800 WatcherThread [stack: 0x0000000009630000,0x0000000009730000] [id=6820]

VM state:not at safepoint (normal execution)

VM Mutex/Monitor currently owned by a thread: None

Heap
 PSYoungGen      total 9728K, used 1618K [0x00000000f4080000, 0x00000000f4b00000, 0x0000000100000000)
  eden space 9216K, 16% used [0x00000000f4080000,0x00000000f41f4b40,0x00000000f4980000)
  from space 512K, 25% used [0x00000000f4a00000,0x00000000f4a20000,0x00000000f4a80000)
  to   space 512K, 0% used [0x00000000f4a80000,0x00000000f4a80000,0x00000000f4b00000)
 ParOldGen       total 24064K, used 6035K [0x00000000dc200000, 0x00000000dd980000, 0x00000000f4080000)
  object space 24064K, 25% used [0x00000000dc200000,0x00000000dc7e4d68,0x00000000dd980000)
 PSPermGen       total 21504K, used 7880K [0x00000000d7000000, 0x00000000d8500000, 0x00000000dc200000)
  object space 21504K, 36% used [0x00000000d7000000,0x00000000d77b2030,0x00000000d8500000)

Card table byte_map: [0x0000000005660000,0x00000000057b0000] byte_map_base: 0x0000000004fa8000

Polling page: 0x00000000000f0000

Code Cache  [0x0000000002660000, 0x00000000028d0000, 0x0000000005660000)
 total_blobs=565 nmethods=186 adapters=332 free_code_cache=48340Kb largest_free_block=49474752

Compilation events (10 events):
Event: 66.776 Thread 0x0000000007623000 nmethod 181 0x000000000272bed0 code [0x000000000272c000, 0x000000000272c058]
Event: 66.777 Thread 0x000000000760f000 nmethod 182 0x000000000272bc50 code [0x000000000272bd80, 0x000000000272be38]
Event: 66.867 Thread 0x0000000007623000  183             com.badlogic.gdx.graphics.Pixmap$Format::fromGdx2DPixmapFormat (82 bytes)
Event: 66.868 Thread 0x0000000007623000 nmethod 183 0x000000000272b9d0 code [0x000000000272bb20, 0x000000000272bbd8]
Event: 68.005 Thread 0x000000000760f000  184             org.lwjgl.MemoryUtil::getAddress (9 bytes)
Event: 68.005 Thread 0x0000000007623000  185             org.lwjgl.MemoryUtil::getAddress (8 bytes)
Event: 68.006 Thread 0x0000000007623000 nmethod 185 0x0000000002731110 code [0x0000000002731240, 0x00000000027312b8]
Event: 68.007 Thread 0x000000000760f000 nmethod 184 0x0000000002730e90 code [0x0000000002730fc0, 0x0000000002731038]
Event: 70.856 Thread 0x0000000007623000  186             com.badlogic.gdx.graphics.Texture$TextureFilter::getGLEnum (5 bytes)
Event: 70.857 Thread 0x0000000007623000 nmethod 186 0x0000000002730c90 code [0x0000000002730dc0, 0x0000000002730e18]

GC Heap History (10 events):
Event: 74.537 GC heap before
{Heap before GC invocations=97 (full 0):
 PSYoungGen      total 9728K, used 9254K [0x00000000f4080000, 0x00000000f4b00000, 0x0000000100000000)
  eden space 9216K, 99% used [0x00000000f4080000,0x00000000f4969870,0x00000000f4980000)
  from space 512K, 25% used [0x00000000f4a80000,0x00000000f4aa0000,0x00000000f4b00000)
  to   space 512K, 0% used [0x00000000f4a00000,0x00000000f4a00000,0x00000000f4a80000)
 ParOldGen       total 24064K, used 5843K [0x00000000dc200000, 0x00000000dd980000, 0x00000000f4080000)
  object space 24064K, 24% used [0x00000000dc200000,0x00000000dc7b4d68,0x00000000dd980000)
 PSPermGen       total 21504K, used 7880K [0x00000000d7000000, 0x00000000d8500000, 0x00000000dc200000)
  object space 21504K, 36% used [0x00000000d7000000,0x00000000d77b2030,0x00000000d8500000)
Event: 74.539 GC heap after
Heap after GC invocations=97 (full 0):
 PSYoungGen      total 9728K, used 128K [0x00000000f4080000, 0x00000000f4b00000, 0x0000000100000000)
  eden space 9216K, 0% used [0x00000000f4080000,0x00000000f4080000,0x00000000f4980000)
  from space 512K, 25% used [0x00000000f4a00000,0x00000000f4a20000,0x00000000f4a80000)
  to   space 512K, 0% used [0x00000000f4a80000,0x00000000f4a80000,0x00000000f4b00000)
 ParOldGen       total 24064K, used 5883K [0x00000000dc200000, 0x00000000dd980000, 0x00000000f4080000)
  object space 24064K, 24% used [0x00000000dc200000,0x00000000dc7bed68,0x00000000dd980000)
 PSPermGen       total 21504K, used 7880K [0x00000000d7000000, 0x00000000d8500000, 0x00000000dc200000)
  object space 21504K, 36% used [0x00000000d7000000,0x00000000d77b2030,0x00000000d8500000)
}
Event: 75.100 GC heap before
{Heap before GC invocations=98 (full 0):
 PSYoungGen      total 9728K, used 9253K [0x00000000f4080000, 0x00000000f4b00000, 0x0000000100000000)
  eden space 9216K, 99% used [0x00000000f4080000,0x00000000f4969678,0x00000000f4980000)
  from space 512K, 25% used [0x00000000f4a00000,0x00000000f4a20000,0x00000000f4a80000)
  to   space 512K, 0% used [0x00000000f4a80000,0x00000000f4a80000,0x00000000f4b00000)
 ParOldGen       total 24064K, used 5883K [0x00000000dc200000, 0x00000000dd980000, 0x00000000f4080000)
  object space 24064K, 24% used [0x00000000dc200000,0x00000000dc7bed68,0x00000000dd980000)
 PSPermGen       total 21504K, used 7880K [0x00000000d7000000, 0x00000000d8500000, 0x00000000dc200000)
  object space 21504K, 36% used [0x00000000d7000000,0x00000000d77b2030,0x00000000d8500000)
Event: 75.102 GC heap after
Heap after GC invocations=98 (full 0):
 PSYoungGen      total 9728K, used 128K [0x00000000f4080000, 0x00000000f4b00000, 0x0000000100000000)
  eden space 9216K, 0% used [0x00000000f4080000,0x00000000f4080000,0x00000000f4980000)
  from space 512K, 25% used [0x00000000f4a80000,0x00000000f4aa0000,0x00000000f4b00000)
  to   space 512K, 0% used [0x00000000f4a00000,0x00000000f4a00000,0x00000000f4a80000)
 ParOldGen       total 24064K, used 5923K [0x00000000dc200000, 0x00000000dd980000, 0x00000000f4080000)
  object space 24064K, 24% used [0x00000000dc200000,0x00000000dc7c8d68,0x00000000dd980000)
 PSPermGen       total 21504K, used 7880K [0x00000000d7000000, 0x00000000d8500000, 0x00000000dc200000)
  object space 21504K, 36% used [0x00000000d7000000,0x00000000d77b2030,0x00000000d8500000)
}
Event: 75.655 GC heap before
{Heap before GC invocations=99 (full 0):
 PSYoungGen      total 9728K, used 9254K [0x00000000f4080000, 0x00000000f4b00000, 0x0000000100000000)
  eden space 9216K, 99% used [0x00000000f4080000,0x00000000f4969880,0x00000000f4980000)
  from space 512K, 25% used [0x00000000f4a80000,0x00000000f4aa0000,0x00000000f4b00000)
  to   space 512K, 0% used [0x00000000f4a00000,0x00000000f4a00000,0x00000000f4a80000)
 ParOldGen       total 24064K, used 5923K [0x00000000dc200000, 0x00000000dd980000, 0x00000000f4080000)
  object space 24064K, 24% used [0x00000000dc200000,0x00000000dc7c8d68,0x00000000dd980000)
 PSPermGen       total 21504K, used 7880K [0x00000000d7000000, 0x00000000d8500000, 0x00000000dc200000)
  object space 21504K, 36% used [0x00000000d7000000,0x00000000d77b2030,0x00000000d8500000)
Event: 75.657 GC heap after
Heap after GC invocations=99 (full 0):
 PSYoungGen      total 9728K, used 128K [0x00000000f4080000, 0x00000000f4b00000, 0x0000000100000000)
  eden space 9216K, 0% used [0x00000000f4080000,0x00000000f4080000,0x00000000f4980000)
  from space 512K, 25% used [0x00000000f4a00000,0x00000000f4a20000,0x00000000f4a80000)
  to   space 512K, 0% used [0x00000000f4a80000,0x00000000f4a80000,0x00000000f4b00000)
 ParOldGen       total 24064K, used 5963K [0x00000000dc200000, 0x00000000dd980000, 0x00000000f4080000)
  object space 24064K, 24% used [0x00000000dc200000,0x00000000dc7d2d68,0x00000000dd980000)
 PSPermGen       total 21504K, used 7880K [0x00000000d7000000, 0x00000000d8500000, 0x00000000dc200000)
  object space 21504K, 36% used [0x00000000d7000000,0x00000000d77b2030,0x00000000d8500000)
}
Event: 76.208 GC heap before
{Heap before GC invocations=100 (full 0):
 PSYoungGen      total 9728K, used 9253K [0x00000000f4080000, 0x00000000f4b00000, 0x0000000100000000)
  eden space 9216K, 99% used [0x00000000f4080000,0x00000000f4969678,0x00000000f4980000)
  from space 512K, 25% used [0x00000000f4a00000,0x00000000f4a20000,0x00000000f4a80000)
  to   space 512K, 0% used [0x00000000f4a80000,0x00000000f4a80000,0x00000000f4b00000)
 ParOldGen       total 24064K, used 5963K [0x00000000dc200000, 0x00000000dd980000, 0x00000000f4080000)
  object space 24064K, 24% used [0x00000000dc200000,0x00000000dc7d2d68,0x00000000dd980000)
 PSPermGen       total 21504K, used 7880K [0x00000000d7000000, 0x00000000d8500000, 0x00000000dc200000)
  object space 21504K, 36% used [0x00000000d7000000,0x00000000d77b2030,0x00000000d8500000)
Event: 76.210 GC heap after
Heap after GC invocations=100 (full 0):
 PSYoungGen      total 9728K, used 128K [0x00000000f4080000, 0x00000000f4b00000, 0x0000000100000000)
  eden space 9216K, 0% used [0x00000000f4080000,0x00000000f4080000,0x00000000f4980000)
  from space 512K, 25% used [0x00000000f4a80000,0x00000000f4aa0000,0x00000000f4b00000)
  to   space 512K, 0% used [0x00000000f4a00000,0x00000000f4a00000,0x00000000f4a80000)
 ParOldGen       total 24064K, used 6003K [0x00000000dc200000, 0x00000000dd980000, 0x00000000f4080000)
  object space 24064K, 24% used [0x00000000dc200000,0x00000000dc7dcd68,0x00000000dd980000)
 PSPermGen       total 21504K, used 7880K [0x00000000d7000000, 0x00000000d8500000, 0x00000000dc200000)
  object space 21504K, 36% used [0x00000000d7000000,0x00000000d77b2030,0x00000000d8500000)
}
Event: 76.777 GC heap before
{Heap before GC invocations=101 (full 0):
 PSYoungGen      total 9728K, used 9271K [0x00000000f4080000, 0x00000000f4b00000, 0x0000000100000000)
  eden space 9216K, 99% used [0x00000000f4080000,0x00000000f496dea0,0x00000000f4980000)
  from space 512K, 25% used [0x00000000f4a80000,0x00000000f4aa0000,0x00000000f4b00000)
  to   space 512K, 0% used [0x00000000f4a00000,0x00000000f4a00000,0x00000000f4a80000)
 ParOldGen       total 24064K, used 6003K [0x00000000dc200000, 0x00000000dd980000, 0x00000000f4080000)
  object space 24064K, 24% used [0x00000000dc200000,0x00000000dc7dcd68,0x00000000dd980000)
 PSPermGen       total 21504K, used 7880K [0x00000000d7000000, 0x00000000d8500000, 0x00000000dc200000)
  object space 21504K, 36% used [0x00000000d7000000,0x00000000d77b2030,0x00000000d8500000)
Event: 76.787 GC heap after
Heap after GC invocations=101 (full 0):
 PSYoungGen      total 9728K, used 128K [0x00000000f4080000, 0x00000000f4b00000, 0x0000000100000000)
  eden space 9216K, 0% used [0x00000000f4080000,0x00000000f4080000,0x00000000f4980000)
  from space 512K, 25% used [0x00000000f4a00000,0x00000000f4a20000,0x00000000f4a80000)
  to   space 512K, 0% used [0x00000000f4a80000,0x00000000f4a80000,0x00000000f4b00000)
 ParOldGen       total 24064K, used 6035K [0x00000000dc200000, 0x00000000dd980000, 0x00000000f4080000)
  object space 24064K, 25% used [0x00000000dc200000,0x00000000dc7e4d68,0x00000000dd980000)
 PSPermGen       total 21504K, used 7880K [0x00000000d7000000, 0x00000000d8500000, 0x00000000dc200000)
  object space 21504K, 36% used [0x00000000d7000000,0x00000000d77b2030,0x00000000d8500000)
}

Deoptimization events (1 events):
Event: 10.078 Thread 0x00000000093f4800 Uncommon trap: reason=unloaded action=reinterpret pc=0x00000000026fa6d0 method=com.badlogic.gdx.scenes.scene2d.Stage.fireEnterAndExit(Lcom/badlogic/gdx/scenes/scene2d/Actor;III)Lcom/badlogic/gdx/scenes/scene2d/Actor; @ 48

Internal exceptions (10 events):
Event: 31.859 Thread 0x00000000093f4800 Threw 0x00000000f46568e0 at C:\re\jdk7u45\229\hotspot\src\share\vm\prims\jvm.cpp:1244
Event: 31.861 Thread 0x00000000093f4800 Threw 0x00000000f46595e8 at C:\re\jdk7u45\229\hotspot\src\share\vm\prims\jvm.cpp:1244
Event: 31.862 Thread 0x00000000093f4800 Threw 0x00000000f465bf50 at C:\re\jdk7u45\229\hotspot\src\share\vm\prims\jvm.cpp:1244
Event: 31.862 Thread 0x00000000093f4800 Threw 0x00000000f465e750 at C:\re\jdk7u45\229\hotspot\src\share\vm\prims\jvm.cpp:1244
Event: 31.863 Thread 0x00000000093f4800 Threw 0x00000000f4660d30 at C:\re\jdk7u45\229\hotspot\src\share\vm\prims\jvm.cpp:1244
Event: 31.864 Thread 0x00000000093f4800 Threw 0x00000000f4664a38 at C:\re\jdk7u45\229\hotspot\src\share\vm\prims\jvm.cpp:1244
Event: 31.865 Thread 0x00000000093f4800 Threw 0x00000000f4667480 at C:\re\jdk7u45\229\hotspot\src\share\vm\prims\jvm.cpp:1244
Event: 31.866 Thread 0x00000000093f4800 Threw 0x00000000f466a060 at C:\re\jdk7u45\229\hotspot\src\share\vm\prims\jvm.cpp:1244
Event: 31.869 Thread 0x00000000093f4800 Threw 0x00000000f4688fd0 at C:\re\jdk7u45\229\hotspot\src\share\vm\prims\jvm.cpp:1244
Event: 31.871 Thread 0x00000000093f4800 Threw 0x00000000f468bb58 at C:\re\jdk7u45\229\hotspot\src\share\vm\prims\jvm.cpp:1244

Events (10 events):
Event: 74.537 Executing VM operation: ParallelGCFailedAllocation
Event: 74.539 Executing VM operation: ParallelGCFailedAllocation done
Event: 75.100 Executing VM operation: ParallelGCFailedAllocation
Event: 75.102 Executing VM operation: ParallelGCFailedAllocation done
Event: 75.655 Executing VM operation: ParallelGCFailedAllocation
Event: 75.657 Executing VM operation: ParallelGCFailedAllocation done
Event: 76.208 Executing VM operation: ParallelGCFailedAllocation
Event: 76.210 Executing VM operation: ParallelGCFailedAllocation done
Event: 76.776 Executing VM operation: ParallelGCFailedAllocation
Event: 76.790 Executing VM operation: ParallelGCFailedAllocation done


Dynamic libraries:
0x000000013f1d0000 - 0x000000013f203000 	C:\Program Files\Java\jdk1.7.0_45\bin\java.exe
0x0000000077810000 - 0x00000000779b9000 	C:\windows\SYSTEM32\ntdll.dll
0x00000000775f0000 - 0x000000007770f000 	C:\windows\system32\kernel32.dll
0x000007fefd790000 - 0x000007fefd7fb000 	C:\windows\system32\KERNELBASE.dll
0x000007feff890000 - 0x000007feff96b000 	C:\windows\system32\ADVAPI32.dll
0x000007feffa80000 - 0x000007feffb1f000 	C:\windows\system32\msvcrt.dll
0x000007feff140000 - 0x000007feff15f000 	C:\windows\SYSTEM32\sechost.dll
0x000007fefe030000 - 0x000007fefe15d000 	C:\windows\system32\RPCRT4.dll
0x0000000077710000 - 0x000000007780a000 	C:\windows\system32\USER32.dll
0x000007fefe200000 - 0x000007fefe267000 	C:\windows\system32\GDI32.dll
0x000007fefdc70000 - 0x000007fefdc7e000 	C:\windows\system32\LPK.dll
0x000007fefdcb0000 - 0x000007fefdd79000 	C:\windows\system32\USP10.dll
0x000007fefce20000 - 0x000007fefd014000 	C:\windows\WinSxS\amd64_microsoft.windows.common-controls_6595b64144ccf1df_6.0.7601.17514_none_fa396087175ac9ac\COMCTL32.dll
0x000007feff730000 - 0x000007feff7a1000 	C:\windows\system32\SHLWAPI.dll
0x000007fefdc80000 - 0x000007fefdcae000 	C:\windows\system32\IMM32.DLL
0x000007feff970000 - 0x000007feffa79000 	C:\windows\system32\MSCTF.dll
0x000000006a4a0000 - 0x000000006a572000 	C:\Program Files\Java\jdk1.7.0_45\jre\bin\msvcr100.dll
0x000000005c150000 - 0x000000005c919000 	C:\Program Files\Java\jdk1.7.0_45\jre\bin\server\jvm.dll
0x000007fef4b40000 - 0x000007fef4b49000 	C:\windows\system32\WSOCK32.dll
0x000007feff060000 - 0x000007feff0ad000 	C:\windows\system32\WS2_32.dll
0x000007feff0b0000 - 0x000007feff0b8000 	C:\windows\system32\NSI.dll
0x000007fefaf00000 - 0x000007fefaf3b000 	C:\windows\system32\WINMM.dll
0x00000000779d0000 - 0x00000000779d7000 	C:\windows\system32\PSAPI.DLL
0x00000000727c0000 - 0x00000000727cf000 	C:\Program Files\Java\jdk1.7.0_45\jre\bin\verify.dll
0x000000006f490000 - 0x000000006f4b8000 	C:\Program Files\Java\jdk1.7.0_45\jre\bin\java.dll
0x000000006f470000 - 0x000000006f485000 	C:\Program Files\Java\jdk1.7.0_45\jre\bin\zip.dll
0x000007fefb990000 - 0x000007fefb9a0000 	C:\Program Files (x86)\JetBrains\IntelliJ IDEA Community Edition 13.0\bin\breakgen64.dll
0x000000006f410000 - 0x000000006f429000 	C:\Program Files\Java\jdk1.7.0_45\jre\bin\net.dll
0x000007fefcb50000 - 0x000007fefcba5000 	C:\windows\system32\mswsock.dll
0x000007fefcb40000 - 0x000007fefcb47000 	C:\windows\System32\wship6.dll
0x0000000065580000 - 0x0000000065610000 	C:\Users\Наталья\AppData\Local\Temp\libgdxНаталья\5498721d\gdx64.dll
0x0000000180000000 - 0x0000000180050000 	C:\Users\Наталья\AppData\Local\Temp\libgdxНаталья\4c88a7c1\lwjgl64.dll
0x000007fee7e20000 - 0x000007fee7f3d000 	C:\windows\system32\OPENGL32.dll
0x000007fef6450000 - 0x000007fef647d000 	C:\windows\system32\GLU32.dll
0x000007fee69c0000 - 0x000007fee6ab1000 	C:\windows\system32\DDRAW.dll
0x000007fefab00000 - 0x000007fefab08000 	C:\windows\system32\DCIMAN32.dll
0x000007fefda90000 - 0x000007fefdc67000 	C:\windows\system32\SETUPAPI.dll
0x000007fefd800000 - 0x000007fefd836000 	C:\windows\system32\CFGMGR32.dll
0x000007feff7b0000 - 0x000007feff887000 	C:\windows\system32\OLEAUT32.dll
0x000007feff500000 - 0x000007feff703000 	C:\windows\system32\ole32.dll
0x000007fefd840000 - 0x000007fefd85a000 	C:\windows\system32\DEVOBJ.dll
0x000007fefb1f0000 - 0x000007fefb208000 	C:\windows\system32\dwmapi.dll
0x000007fefc090000 - 0x000007fefc09c000 	C:\windows\system32\VERSION.dll
0x000007fefaab0000 - 0x000007fefaab8000 	C:\windows\system32\atig6pxx.dll
0x000000000a120000 - 0x000000000b708000 	C:\windows\system32\atio6axx.dll
0x00000000006d0000 - 0x000000000072c000 	C:\windows\system32\atiadlxx.dll
0x000007fefe270000 - 0x000007fefeff8000 	C:\windows\system32\SHELL32.dll
0x000007fefc7e0000 - 0x000007fefc7fe000 	C:\windows\system32\USERENV.dll
0x000007fefd5c0000 - 0x000007fefd5cf000 	C:\windows\system32\profapi.dll
0x000007fefbfb0000 - 0x000007fefbfc1000 	C:\windows\system32\WTSAPI32.dll
0x000007fefd730000 - 0x000007fefd76a000 	C:\windows\system32\WINTRUST.dll
0x000007fefd860000 - 0x000007fefd9cc000 	C:\windows\system32\CRYPT32.dll
0x000007fefd660000 - 0x000007fefd66f000 	C:\windows\system32\MSASN1.dll
0x000007fef7e90000 - 0x000007fef7e9e000 	C:\windows\system32\atig6txx.dll
0x0000000073470000 - 0x0000000073537000 	C:\windows\system32\aticfx64.dll
0x000007fefd5b0000 - 0x000007fefd5bf000 	C:\windows\system32\CRYPTBASE.dll
0x000007fefd9f0000 - 0x000007fefda89000 	C:\windows\system32\CLBCatQ.DLL
0x000007feece30000 - 0x000007feececc000 	C:\windows\system32\mscms.dll
0x000007feecde0000 - 0x000007feece22000 	C:\windows\system32\icm32.dll
0x000007fefc0a0000 - 0x000007fefc1c5000 	C:\windows\system32\dbghelp.dll

VM Arguments:
jvm_args: -Didea.launcher.port=7543 -Didea.launcher.bin.path=C:\Program Files (x86)\JetBrains\IntelliJ IDEA Community Edition 13.0\bin -Dfile.encoding=UTF-8 
java_command: com.intellij.rt.execution.application.AppMain com.zombie.ZombieApplication
Launcher Type: SUN_STANDARD

Environment Variables:
PATH=C:\Program Files\Java\jdk1.7.0_25\bin;c:\python27;c:\python27\scripts
USERNAME=Наталья
OS=Windows_NT
PROCESSOR_IDENTIFIER=AMD64 Family 18 Model 1 Stepping 0, AuthenticAMD



---------------  S Y S T E M  ---------------

OS: Windows 7 , 64 bit Build 7601 Service Pack 1

CPU:total 4 (4 cores per cpu, 1 threads per core) family 18 model 1 stepping 0, cmov, cx8, fxsr, mmx, sse, sse2, sse3, popcnt, mmxext, 3dnowpref, lzcnt, sse4a, tsc, tscinvbit, tscinv

Memory: 4k page, physical 2351104k(515688k free), swap 5928928k(456976k free)

vm_info: Java HotSpot(TM) 64-Bit Server VM (24.45-b08) for windows-amd64 JRE (1.7.0_45-b18), built on Oct  8 2013 05:47:22 by "java_re" with unknown MS VC++:1600

time: Fri Dec 27 15:29:36 2013
elapsed time: 83 seconds

