#
# A fatal error has been detected by the Java Runtime Environment:
#
#  EXCEPTION_ACCESS_VIOLATION (0xc0000005) at pc=0x000000000aaeffa0, pid=8640, tid=1136
#
# JRE version: Java(TM) SE Runtime Environment (7.0_45-b18) (build 1.7.0_45-b18)
# Java VM: Java HotSpot(TM) 64-Bit Server VM (24.45-b08 mixed mode windows-amd64 compressed oops)
# Problematic frame:
# C  [atio6axx.dll+0xe1ffa0]
#
# Failed to write core dump. Minidumps are not enabled by default on client versions of Windows
#
# If you would like to submit a bug report, please visit:
#   http://bugreport.sun.com/bugreport/crash.jsp
# The crash happened outside the Java Virtual Machine in native code.
# See problematic frame for where to report the bug.
#

---------------  T H R E A D  ---------------

Current thread (0x0000000009241800):  JavaThread "LWJGL Application" [_thread_in_native, id=1136, stack(0x0000000009bd0000,0x0000000009cd0000)]

siginfo: ExceptionCode=0xc0000005, writing address 0x0000000000000070

Registers:
RAX=0x000000003f4ccccd, RBX=0x0000000000000000, RCX=0x0000000000000000, RDX=0x0000000000000000
RSP=0x0000000009ccde60, RBP=0x0000000000000029, RSI=0x000000000ef3b2c0, RDI=0x000000000ef3b2c0
R8 =0x508c2f510bd2023d, R9 =0x508c2f520bc9023e, R10=0x0000000000000002, R11=0x0000000009ccdf40
R12=0x000000000c18a9b0, R13=0x0000000009add6e0, R14=0x0000000000000080, R15=0x0000000000000001
RIP=0x000000000aaeffa0, EFLAGS=0x0000000000010246

Top of Stack: (sp=0x0000000009ccde60)
0x0000000009ccde60:   000000000c20ae70 000000000ef3b2c0
0x0000000009ccde70:   000000000c912e50 000000000c1e9ee0
0x0000000009ccde80:   0000000009ccdee0 000000000ef3b2e8
0x0000000009ccde90:   000000003f4ccccd 00000000778640fd
0x0000000009ccdea0:   0000000b00000012 0000000000000002
0x0000000009ccdeb0:   0000000100000000 0000000000000000
0x0000000009ccdec0:   0000000000000000 0000000000000000
0x0000000009ccded0:   0000000000000000 0000000000000000
0x0000000009ccdee0:   0000008000000029 0000000100000080
0x0000000009ccdef0:   0000000000000001 0000000b00000012
0x0000000009ccdf00:   0000000000000002 0000000100000000
0x0000000009ccdf10:   0000000000000000 0000000000000000
0x0000000009ccdf20:   0000000000000000 0000000000000000
0x0000000009ccdf30:   0000000000000000 000000000aaffee3
0x0000000009ccdf40:   000000000c1e9ee0 0000000000000001
0x0000000009ccdf50:   0000000000000001 0000000000000000 

Instructions: (pc=0x000000000aaeffa0)
0x000000000aaeff80:   ff 10 48 8b 4f 40 8b 87 dc 00 00 00 4c 8d 9c 24
0x000000000aaeff90:   e0 00 00 00 49 8b 5b 38 49 8b 6b 40 49 8b 73 48
0x000000000aaeffa0:   89 41 70 49 8b e3 41 5f 41 5e 41 5d 41 5c 5f c3
0x000000000aaeffb0:   48 89 5c 24 10 44 89 4c 24 20 55 56 57 41 54 41 


Register to memory mapping:

RAX=0x000000003f4ccccd is an unknown value
RBX=0x0000000000000000 is an unknown value
RCX=0x0000000000000000 is an unknown value
RDX=0x0000000000000000 is an unknown value
RSP=0x0000000009ccde60 is pointing into the stack for thread: 0x0000000009241800
RBP=0x0000000000000029 is an unknown value
RSI=0x000000000ef3b2c0 is an unknown value
RDI=0x000000000ef3b2c0 is an unknown value
R8 =0x508c2f510bd2023d is an unknown value
R9 =0x508c2f520bc9023e is an unknown value
R10=0x0000000000000002 is an unknown value
R11=0x0000000009ccdf40 is pointing into the stack for thread: 0x0000000009241800
R12=0x000000000c18a9b0 is an unknown value
R13=0x0000000009add6e0 is an unknown value
R14=0x0000000000000080 is an unknown value
R15=0x0000000000000001 is an unknown value


Stack: [0x0000000009bd0000,0x0000000009cd0000],  sp=0x0000000009ccde60,  free space=1015k
Native frames: (J=compiled Java code, j=interpreted, Vv=VM code, C=native code)
C  [atio6axx.dll+0xe1ffa0]

Java frames: (J=compiled Java code, j=interpreted, Vv=VM code)
j  org.lwjgl.opengl.GL11.nglDepthMask(ZJ)V+0
j  org.lwjgl.opengl.GL11.glDepthMask(Z)V+15
j  com.badlogic.gdx.backends.lwjgl.LwjglGL10.glDepthMask(Z)V+1
j  com.badlogic.gdx.graphics.g2d.SpriteBatch.end()V+44
j  com.zombie.view.WorldView.draw()V+64
j  com.zombie.screens.GameScreen.render(F)V+35
j  com.badlogic.gdx.Game.render()V+19
j  com.badlogic.gdx.backends.lwjgl.LwjglApplication.mainLoop()V+642
j  com.badlogic.gdx.backends.lwjgl.LwjglApplication$1.run()V+27
v  ~StubRoutines::call_stub

---------------  P R O C E S S  ---------------

Java Threads: ( => current thread )
  0x000000000d832000 JavaThread "LWJGL Timer" daemon [_thread_blocked, id=8012, stack(0x000000000e770000,0x000000000e870000)]
  0x000000000243e800 JavaThread "DestroyJavaVM" [_thread_blocked, id=6964, stack(0x00000000026b0000,0x00000000027b0000)]
=>0x0000000009241800 JavaThread "LWJGL Application" [_thread_in_native, id=1136, stack(0x0000000009bd0000,0x0000000009cd0000)]
  0x0000000009173000 JavaThread "Monitor Ctrl-Break" daemon [_thread_in_native, id=8172, stack(0x00000000096c0000,0x00000000097c0000)]
  0x00000000076c8000 JavaThread "Service Thread" daemon [_thread_blocked, id=9148, stack(0x0000000008f70000,0x0000000009070000)]
  0x00000000076c4800 JavaThread "C2 CompilerThread1" daemon [_thread_blocked, id=6900, stack(0x0000000001c00000,0x0000000001d00000)]
  0x00000000076bf000 JavaThread "C2 CompilerThread0" daemon [_thread_blocked, id=8976, stack(0x0000000008dc0000,0x0000000008ec0000)]
  0x00000000076be000 JavaThread "Attach Listener" daemon [_thread_blocked, id=8340, stack(0x0000000008bc0000,0x0000000008cc0000)]
  0x00000000076b6800 JavaThread "Signal Dispatcher" daemon [_thread_blocked, id=5868, stack(0x0000000008600000,0x0000000008700000)]
  0x0000000007661800 JavaThread "Finalizer" daemon [_thread_blocked, id=7772, stack(0x0000000008a70000,0x0000000008b70000)]
  0x000000000765e800 JavaThread "Reference Handler" daemon [_thread_blocked, id=7068, stack(0x0000000008950000,0x0000000008a50000)]

Other Threads:
  0x0000000007658800 VMThread [stack: 0x0000000008700000,0x0000000008800000] [id=5756]
  0x0000000009078800 WatcherThread [stack: 0x0000000009580000,0x0000000009680000] [id=3772]

VM state:not at safepoint (normal execution)

VM Mutex/Monitor currently owned by a thread: None

Heap
 PSYoungGen      total 10240K, used 6507K [0x00000000f4080000, 0x00000000f4b80000, 0x0000000100000000)
  eden space 9728K, 65% used [0x00000000f4080000,0x00000000f46b2e60,0x00000000f4a00000)
  from space 512K, 31% used [0x00000000f4a80000,0x00000000f4aa8000,0x00000000f4b00000)
  to   space 512K, 0% used [0x00000000f4b00000,0x00000000f4b00000,0x00000000f4b80000)
 ParOldGen       total 24064K, used 5970K [0x00000000dc200000, 0x00000000dd980000, 0x00000000f4080000)
  object space 24064K, 24% used [0x00000000dc200000,0x00000000dc7d4808,0x00000000dd980000)
 PSPermGen       total 21504K, used 7843K [0x00000000d7000000, 0x00000000d8500000, 0x00000000dc200000)
  object space 21504K, 36% used [0x00000000d7000000,0x00000000d77a8cf0,0x00000000d8500000)

Card table byte_map: [0x0000000002440000,0x0000000002590000] byte_map_base: 0x0000000001d88000

Polling page: 0x0000000000340000

Code Cache  [0x00000000027b0000, 0x0000000002a20000, 0x00000000057b0000)
 total_blobs=523 nmethods=144 adapters=332 free_code_cache=48414Kb largest_free_block=49547008

Compilation events (10 events):
Event: 74.575 Thread 0x00000000076c4800  139             com.badlogic.gdx.graphics.glutils.FileTextureData::getWidth (5 bytes)
Event: 74.575 Thread 0x00000000076bf000  140             com.badlogic.gdx.graphics.glutils.FileTextureData::getHeight (5 bytes)
Event: 74.578 Thread 0x00000000076c4800 nmethod 139 0x000000000286b310 code [0x000000000286b440, 0x000000000286b498]
Event: 74.578 Thread 0x00000000076bf000 nmethod 140 0x000000000286ae90 code [0x000000000286afc0, 0x000000000286b018]
Event: 74.997 Thread 0x00000000076c4800  141             com.badlogic.gdx.graphics.Texture$TextureWrap::getGLEnum (5 bytes)
Event: 74.998 Thread 0x00000000076c4800 nmethod 141 0x000000000286ac90 code [0x000000000286adc0, 0x000000000286ae18]
Event: 77.994 Thread 0x00000000076bf000  143             com.badlogic.gdx.graphics.glutils.FileTextureData::isPrepared (5 bytes)
Event: 77.995 Thread 0x00000000076bf000 nmethod 143 0x000000000286a6d0 code [0x000000000286a800, 0x000000000286a858]
Event: 78.546 Thread 0x00000000076c4800  144             com.badlogic.gdx.scenes.scene2d.Stage::getActors (8 bytes)
Event: 78.547 Thread 0x00000000076c4800 nmethod 144 0x000000000286a490 code [0x000000000286a5c0, 0x000000000286a638]

GC Heap History (10 events):
Event: 75.955 GC heap before
{Heap before GC invocations=91 (full 0):
 PSYoungGen      total 10240K, used 9806K [0x00000000f4080000, 0x00000000f4b80000, 0x0000000100000000)
  eden space 9728K, 99% used [0x00000000f4080000,0x00000000f49f3bb0,0x00000000f4a00000)
  from space 512K, 25% used [0x00000000f4b00000,0x00000000f4b20000,0x00000000f4b80000)
  to   space 512K, 0% used [0x00000000f4a80000,0x00000000f4a80000,0x00000000f4b00000)
 ParOldGen       total 24064K, used 5794K [0x00000000dc200000, 0x00000000dd980000, 0x00000000f4080000)
  object space 24064K, 24% used [0x00000000dc200000,0x00000000dc7a8808,0x00000000dd980000)
 PSPermGen       total 21504K, used 7843K [0x00000000d7000000, 0x00000000d8500000, 0x00000000dc200000)
  object space 21504K, 36% used [0x00000000d7000000,0x00000000d77a8cf0,0x00000000d8500000)
Event: 75.956 GC heap after
Heap after GC invocations=91 (full 0):
 PSYoungGen      total 10240K, used 128K [0x00000000f4080000, 0x00000000f4b80000, 0x0000000100000000)
  eden space 9728K, 0% used [0x00000000f4080000,0x00000000f4080000,0x00000000f4a00000)
  from space 512K, 25% used [0x00000000f4a80000,0x00000000f4aa0000,0x00000000f4b00000)
  to   space 512K, 0% used [0x00000000f4b00000,0x00000000f4b00000,0x00000000f4b80000)
 ParOldGen       total 24064K, used 5818K [0x00000000dc200000, 0x00000000dd980000, 0x00000000f4080000)
  object space 24064K, 24% used [0x00000000dc200000,0x00000000dc7ae808,0x00000000dd980000)
 PSPermGen       total 21504K, used 7843K [0x00000000d7000000, 0x00000000d8500000, 0x00000000dc200000)
  object space 21504K, 36% used [0x00000000d7000000,0x00000000d77a8cf0,0x00000000d8500000)
}
Event: 76.567 GC heap before
{Heap before GC invocations=92 (full 0):
 PSYoungGen      total 10240K, used 9824K [0x00000000f4080000, 0x00000000f4b80000, 0x0000000100000000)
  eden space 9728K, 99% used [0x00000000f4080000,0x00000000f49f81b0,0x00000000f4a00000)
  from space 512K, 25% used [0x00000000f4a80000,0x00000000f4aa0000,0x00000000f4b00000)
  to   space 512K, 0% used [0x00000000f4b00000,0x00000000f4b00000,0x00000000f4b80000)
 ParOldGen       total 24064K, used 5818K [0x00000000dc200000, 0x00000000dd980000, 0x00000000f4080000)
  object space 24064K, 24% used [0x00000000dc200000,0x00000000dc7ae808,0x00000000dd980000)
 PSPermGen       total 21504K, used 7843K [0x00000000d7000000, 0x00000000d8500000, 0x00000000dc200000)
  object space 21504K, 36% used [0x00000000d7000000,0x00000000d77a8cf0,0x00000000d8500000)
Event: 76.569 GC heap after
Heap after GC invocations=92 (full 0):
 PSYoungGen      total 10240K, used 96K [0x00000000f4080000, 0x00000000f4b80000, 0x0000000100000000)
  eden space 9728K, 0% used [0x00000000f4080000,0x00000000f4080000,0x00000000f4a00000)
  from space 512K, 18% used [0x00000000f4b00000,0x00000000f4b18000,0x00000000f4b80000)
  to   space 512K, 0% used [0x00000000f4a80000,0x00000000f4a80000,0x00000000f4b00000)
 ParOldGen       total 24064K, used 5858K [0x00000000dc200000, 0x00000000dd980000, 0x00000000f4080000)
  object space 24064K, 24% used [0x00000000dc200000,0x00000000dc7b8808,0x00000000dd980000)
 PSPermGen       total 21504K, used 7843K [0x00000000d7000000, 0x00000000d8500000, 0x00000000dc200000)
  object space 21504K, 36% used [0x00000000d7000000,0x00000000d77a8cf0,0x00000000d8500000)
}
Event: 77.143 GC heap before
{Heap before GC invocations=93 (full 0):
 PSYoungGen      total 10240K, used 9774K [0x00000000f4080000, 0x00000000f4b80000, 0x0000000100000000)
  eden space 9728K, 99% used [0x00000000f4080000,0x00000000f49f3bb0,0x00000000f4a00000)
  from space 512K, 18% used [0x00000000f4b00000,0x00000000f4b18000,0x00000000f4b80000)
  to   space 512K, 0% used [0x00000000f4a80000,0x00000000f4a80000,0x00000000f4b00000)
 ParOldGen       total 24064K, used 5858K [0x00000000dc200000, 0x00000000dd980000, 0x00000000f4080000)
  object space 24064K, 24% used [0x00000000dc200000,0x00000000dc7b8808,0x00000000dd980000)
 PSPermGen       total 21504K, used 7843K [0x00000000d7000000, 0x00000000d8500000, 0x00000000dc200000)
  object space 21504K, 36% used [0x00000000d7000000,0x00000000d77a8cf0,0x00000000d8500000)
Event: 77.145 GC heap after
Heap after GC invocations=93 (full 0):
 PSYoungGen      total 10240K, used 128K [0x00000000f4080000, 0x00000000f4b80000, 0x0000000100000000)
  eden space 9728K, 0% used [0x00000000f4080000,0x00000000f4080000,0x00000000f4a00000)
  from space 512K, 25% used [0x00000000f4a80000,0x00000000f4aa0000,0x00000000f4b00000)
  to   space 512K, 0% used [0x00000000f4b00000,0x00000000f4b00000,0x00000000f4b80000)
 ParOldGen       total 24064K, used 5890K [0x00000000dc200000, 0x00000000dd980000, 0x00000000f4080000)
  object space 24064K, 24% used [0x00000000dc200000,0x00000000dc7c0808,0x00000000dd980000)
 PSPermGen       total 21504K, used 7843K [0x00000000d7000000, 0x00000000d8500000, 0x00000000dc200000)
  object space 21504K, 36% used [0x00000000d7000000,0x00000000d77a8cf0,0x00000000d8500000)
}
Event: 77.767 GC heap before
{Heap before GC invocations=94 (full 0):
 PSYoungGen      total 10240K, used 9824K [0x00000000f4080000, 0x00000000f4b80000, 0x0000000100000000)
  eden space 9728K, 99% used [0x00000000f4080000,0x00000000f49f81b0,0x00000000f4a00000)
  from space 512K, 25% used [0x00000000f4a80000,0x00000000f4aa0000,0x00000000f4b00000)
  to   space 512K, 0% used [0x00000000f4b00000,0x00000000f4b00000,0x00000000f4b80000)
 ParOldGen       total 24064K, used 5890K [0x00000000dc200000, 0x00000000dd980000, 0x00000000f4080000)
  object space 24064K, 24% used [0x00000000dc200000,0x00000000dc7c0808,0x00000000dd980000)
 PSPermGen       total 21504K, used 7843K [0x00000000d7000000, 0x00000000d8500000, 0x00000000dc200000)
  object space 21504K, 36% used [0x00000000d7000000,0x00000000d77a8cf0,0x00000000d8500000)
Event: 77.769 GC heap after
Heap after GC invocations=94 (full 0):
 PSYoungGen      total 10240K, used 96K [0x00000000f4080000, 0x00000000f4b80000, 0x0000000100000000)
  eden space 9728K, 0% used [0x00000000f4080000,0x00000000f4080000,0x00000000f4a00000)
  from space 512K, 18% used [0x00000000f4b00000,0x00000000f4b18000,0x00000000f4b80000)
  to   space 512K, 0% used [0x00000000f4a80000,0x00000000f4a80000,0x00000000f4b00000)
 ParOldGen       total 24064K, used 5930K [0x00000000dc200000, 0x00000000dd980000, 0x00000000f4080000)
  object space 24064K, 24% used [0x00000000dc200000,0x00000000dc7ca808,0x00000000dd980000)
 PSPermGen       total 21504K, used 7843K [0x00000000d7000000, 0x00000000d8500000, 0x00000000dc200000)
  object space 21504K, 36% used [0x00000000d7000000,0x00000000d77a8cf0,0x00000000d8500000)
}
Event: 78.375 GC heap before
{Heap before GC invocations=95 (full 0):
 PSYoungGen      total 10240K, used 9774K [0x00000000f4080000, 0x00000000f4b80000, 0x0000000100000000)
  eden space 9728K, 99% used [0x00000000f4080000,0x00000000f49f3bb0,0x00000000f4a00000)
  from space 512K, 18% used [0x00000000f4b00000,0x00000000f4b18000,0x00000000f4b80000)
  to   space 512K, 0% used [0x00000000f4a80000,0x00000000f4a80000,0x00000000f4b00000)
 ParOldGen       total 24064K, used 5930K [0x00000000dc200000, 0x00000000dd980000, 0x00000000f4080000)
  object space 24064K, 24% used [0x00000000dc200000,0x00000000dc7ca808,0x00000000dd980000)
 PSPermGen       total 21504K, used 7843K [0x00000000d7000000, 0x00000000d8500000, 0x00000000dc200000)
  object space 21504K, 36% used [0x00000000d7000000,0x00000000d77a8cf0,0x00000000d8500000)
Event: 78.377 GC heap after
Heap after GC invocations=95 (full 0):
 PSYoungGen      total 10240K, used 160K [0x00000000f4080000, 0x00000000f4b80000, 0x0000000100000000)
  eden space 9728K, 0% used [0x00000000f4080000,0x00000000f4080000,0x00000000f4a00000)
  from space 512K, 31% used [0x00000000f4a80000,0x00000000f4aa8000,0x00000000f4b00000)
  to   space 512K, 0% used [0x00000000f4b00000,0x00000000f4b00000,0x00000000f4b80000)
 ParOldGen       total 24064K, used 5970K [0x00000000dc200000, 0x00000000dd980000, 0x00000000f4080000)
  object space 24064K, 24% used [0x00000000dc200000,0x00000000dc7d4808,0x00000000dd980000)
 PSPermGen       total 21504K, used 7843K [0x00000000d7000000, 0x00000000d8500000, 0x00000000dc200000)
  object space 21504K, 36% used [0x00000000d7000000,0x00000000d77a8cf0,0x00000000d8500000)
}

Deoptimization events (1 events):
Event: 16.891 Thread 0x0000000009241800 Uncommon trap: reason=unreached action=reinterpret pc=0x000000000284a81c method=com.badlogic.gdx.scenes.scene2d.Stage.act(F)V @ 32

Internal exceptions (10 events):
Event: 22.282 Thread 0x0000000009241800 Threw 0x00000000f4619bf0 at C:\re\jdk7u45\229\hotspot\src\share\vm\prims\jvm.cpp:1244
Event: 22.318 Thread 0x0000000009241800 Threw 0x00000000f461c4b8 at C:\re\jdk7u45\229\hotspot\src\share\vm\prims\jvm.cpp:1244
Event: 22.369 Thread 0x0000000009241800 Threw 0x00000000f461ea98 at C:\re\jdk7u45\229\hotspot\src\share\vm\prims\jvm.cpp:1244
Event: 22.384 Thread 0x0000000009241800 Threw 0x00000000f46227a0 at C:\re\jdk7u45\229\hotspot\src\share\vm\prims\jvm.cpp:1244
Event: 22.400 Thread 0x0000000009241800 Threw 0x00000000f46251e8 at C:\re\jdk7u45\229\hotspot\src\share\vm\prims\jvm.cpp:1244
Event: 22.407 Thread 0x0000000009241800 Threw 0x00000000f4627d58 at C:\re\jdk7u45\229\hotspot\src\share\vm\prims\jvm.cpp:1244
Event: 22.419 Thread 0x0000000009241800 Threw 0x00000000f465ad28 at C:\re\jdk7u45\229\hotspot\src\share\vm\prims\jvm.cpp:1244
Event: 22.479 Thread 0x0000000009241800 Threw 0x00000000f465f830 at C:\re\jdk7u45\229\hotspot\src\share\vm\prims\jvm.cpp:1244
Event: 26.990 Thread 0x0000000009241800 Threw 0x00000000f4680a00 at C:\re\jdk7u45\229\hotspot\src\share\vm\prims\jvm.cpp:1244
Event: 26.991 Thread 0x0000000009241800 Threw 0x00000000f4689160 at C:\re\jdk7u45\229\hotspot\src\share\vm\prims\jvm.cpp:1244

Events (10 events):
Event: 75.955 Executing VM operation: ParallelGCFailedAllocation
Event: 75.957 Executing VM operation: ParallelGCFailedAllocation done
Event: 76.567 Executing VM operation: ParallelGCFailedAllocation
Event: 76.570 Executing VM operation: ParallelGCFailedAllocation done
Event: 77.143 Executing VM operation: ParallelGCFailedAllocation
Event: 77.145 Executing VM operation: ParallelGCFailedAllocation done
Event: 77.767 Executing VM operation: ParallelGCFailedAllocation
Event: 77.769 Executing VM operation: ParallelGCFailedAllocation done
Event: 78.375 Executing VM operation: ParallelGCFailedAllocation
Event: 78.377 Executing VM operation: ParallelGCFailedAllocation done


Dynamic libraries:
0x000000013f650000 - 0x000000013f683000 	C:\Program Files\Java\jdk1.7.0_45\bin\java.exe
0x0000000077810000 - 0x00000000779b9000 	C:\windows\SYSTEM32\ntdll.dll
0x00000000775f0000 - 0x000000007770f000 	C:\windows\system32\kernel32.dll
0x000007fefd790000 - 0x000007fefd7fb000 	C:\windows\system32\KERNELBASE.dll
0x000007feff890000 - 0x000007feff96b000 	C:\windows\system32\ADVAPI32.dll
0x000007feffa80000 - 0x000007feffb1f000 	C:\windows\system32\msvcrt.dll
0x000007feff140000 - 0x000007feff15f000 	C:\windows\SYSTEM32\sechost.dll
0x000007fefe030000 - 0x000007fefe15d000 	C:\windows\system32\RPCRT4.dll
0x0000000077710000 - 0x000000007780a000 	C:\windows\system32\USER32.dll
0x000007fefe200000 - 0x000007fefe267000 	C:\windows\system32\GDI32.dll
0x000007fefdc70000 - 0x000007fefdc7e000 	C:\windows\system32\LPK.dll
0x000007fefdcb0000 - 0x000007fefdd79000 	C:\windows\system32\USP10.dll
0x000007fefce20000 - 0x000007fefd014000 	C:\windows\WinSxS\amd64_microsoft.windows.common-controls_6595b64144ccf1df_6.0.7601.17514_none_fa396087175ac9ac\COMCTL32.dll
0x000007feff730000 - 0x000007feff7a1000 	C:\windows\system32\SHLWAPI.dll
0x000007fefdc80000 - 0x000007fefdcae000 	C:\windows\system32\IMM32.DLL
0x000007feff970000 - 0x000007feffa79000 	C:\windows\system32\MSCTF.dll
0x000000006a4a0000 - 0x000000006a572000 	C:\Program Files\Java\jdk1.7.0_45\jre\bin\msvcr100.dll
0x000000005c150000 - 0x000000005c919000 	C:\Program Files\Java\jdk1.7.0_45\jre\bin\server\jvm.dll
0x000007fef4b40000 - 0x000007fef4b49000 	C:\windows\system32\WSOCK32.dll
0x000007feff060000 - 0x000007feff0ad000 	C:\windows\system32\WS2_32.dll
0x000007feff0b0000 - 0x000007feff0b8000 	C:\windows\system32\NSI.dll
0x000007fefaf00000 - 0x000007fefaf3b000 	C:\windows\system32\WINMM.dll
0x00000000779d0000 - 0x00000000779d7000 	C:\windows\system32\PSAPI.DLL
0x000000006f480000 - 0x000000006f48f000 	C:\Program Files\Java\jdk1.7.0_45\jre\bin\verify.dll
0x000000006f400000 - 0x000000006f428000 	C:\Program Files\Java\jdk1.7.0_45\jre\bin\java.dll
0x000000006a2d0000 - 0x000000006a2e5000 	C:\Program Files\Java\jdk1.7.0_45\jre\bin\zip.dll
0x000007fef7a80000 - 0x000007fef7a90000 	C:\Program Files (x86)\JetBrains\IntelliJ IDEA Community Edition 13.0\bin\breakgen64.dll
0x000000006f4a0000 - 0x000000006f4b9000 	C:\Program Files\Java\jdk1.7.0_45\jre\bin\net.dll
0x000007fefcb50000 - 0x000007fefcba5000 	C:\windows\system32\mswsock.dll
0x000007fefcb40000 - 0x000007fefcb47000 	C:\windows\System32\wship6.dll
0x0000000065580000 - 0x0000000065610000 	C:\Users\Наталья\AppData\Local\Temp\libgdxНаталья\5498721d\gdx64.dll
0x0000000180000000 - 0x0000000180050000 	C:\Users\Наталья\AppData\Local\Temp\libgdxНаталья\4c88a7c1\lwjgl64.dll
0x000007fee7fb0000 - 0x000007fee80cd000 	C:\windows\system32\OPENGL32.dll
0x000007fef44d0000 - 0x000007fef44fd000 	C:\windows\system32\GLU32.dll
0x000007fee7e40000 - 0x000007fee7f31000 	C:\windows\system32\DDRAW.dll
0x000007fef7a70000 - 0x000007fef7a78000 	C:\windows\system32\DCIMAN32.dll
0x000007fefda90000 - 0x000007fefdc67000 	C:\windows\system32\SETUPAPI.dll
0x000007fefd800000 - 0x000007fefd836000 	C:\windows\system32\CFGMGR32.dll
0x000007feff7b0000 - 0x000007feff887000 	C:\windows\system32\OLEAUT32.dll
0x000007feff500000 - 0x000007feff703000 	C:\windows\system32\ole32.dll
0x000007fefd840000 - 0x000007fefd85a000 	C:\windows\system32\DEVOBJ.dll
0x000007fefb1f0000 - 0x000007fefb208000 	C:\windows\system32\dwmapi.dll
0x000007fefc090000 - 0x000007fefc09c000 	C:\windows\system32\VERSION.dll
0x000007fef7a60000 - 0x000007fef7a68000 	C:\windows\system32\atig6pxx.dll
0x0000000009cd0000 - 0x000000000b2b8000 	C:\windows\system32\atio6axx.dll
0x0000000002590000 - 0x00000000025ec000 	C:\windows\system32\atiadlxx.dll
0x000007fefe270000 - 0x000007fefeff8000 	C:\windows\system32\SHELL32.dll
0x000007fefc7e0000 - 0x000007fefc7fe000 	C:\windows\system32\USERENV.dll
0x000007fefd5c0000 - 0x000007fefd5cf000 	C:\windows\system32\profapi.dll
0x000007fefbfb0000 - 0x000007fefbfc1000 	C:\windows\system32\WTSAPI32.dll
0x000007fefd730000 - 0x000007fefd76a000 	C:\windows\system32\WINTRUST.dll
0x000007fefd860000 - 0x000007fefd9cc000 	C:\windows\system32\CRYPT32.dll
0x000007fefd660000 - 0x000007fefd66f000 	C:\windows\system32\MSASN1.dll
0x000007fef6b60000 - 0x000007fef6b6e000 	C:\windows\system32\atig6txx.dll
0x0000000073470000 - 0x0000000073537000 	C:\windows\system32\aticfx64.dll
0x000007fefd5b0000 - 0x000007fefd5bf000 	C:\windows\system32\CRYPTBASE.dll
0x000007fefd9f0000 - 0x000007fefda89000 	C:\windows\system32\CLBCatQ.DLL
0x000007feece30000 - 0x000007feececc000 	C:\windows\system32\mscms.dll
0x000007feecde0000 - 0x000007feece22000 	C:\windows\system32\icm32.dll
0x000007fefc0a0000 - 0x000007fefc1c5000 	C:\windows\system32\dbghelp.dll

VM Arguments:
jvm_args: -Didea.launcher.port=7533 -Didea.launcher.bin.path=C:\Program Files (x86)\JetBrains\IntelliJ IDEA Community Edition 13.0\bin -Dfile.encoding=UTF-8 
java_command: com.intellij.rt.execution.application.AppMain com.zombie.ZombieApplication
Launcher Type: SUN_STANDARD

Environment Variables:
PATH=C:\Program Files\Java\jdk1.7.0_25\bin;c:\python27;c:\python27\scripts
USERNAME=Наталья
OS=Windows_NT
PROCESSOR_IDENTIFIER=AMD64 Family 18 Model 1 Stepping 0, AuthenticAMD



---------------  S Y S T E M  ---------------

OS: Windows 7 , 64 bit Build 7601 Service Pack 1

CPU:total 4 (4 cores per cpu, 1 threads per core) family 18 model 1 stepping 0, cmov, cx8, fxsr, mmx, sse, sse2, sse3, popcnt, mmxext, 3dnowpref, lzcnt, sse4a, tsc, tscinvbit, tscinv

Memory: 4k page, physical 2351104k(459500k free), swap 5988320k(461564k free)

vm_info: Java HotSpot(TM) 64-Bit Server VM (24.45-b08) for windows-amd64 JRE (1.7.0_45-b18), built on Oct  8 2013 05:47:22 by "java_re" with unknown MS VC++:1600

time: Fri Dec 27 14:58:46 2013
elapsed time: 87 seconds

